<?xml version="1.0" encoding="UTF-8"?>
<testng-results ignored="0" total="0" passed="0" failed="0" skipped="0">
  <reporter-output>
  </reporter-output>
  <suite started-at="2026-02-23T09:35:04 CST" name="RunTest" finished-at="2026-02-23T09:35:04 CST" duration-ms="17">
    <groups>
    </groups>
    <test started-at="2026-02-23T09:35:04 CST" name="AllTestsFirefox" finished-at="2026-02-23T09:35:04 CST" duration-ms="17">
    </test> <!-- AllTestsFirefox -->
    <test started-at="2026-02-23T09:35:04 CST" name="AllTests" finished-at="2026-02-23T09:35:04 CST" duration-ms="17">
    </test> <!-- AllTests -->
  </suite> <!-- RunTest -->
</testng-results>
